build/outputs/logs/manifest-merger-debug-report.txt
-- Merging decision tree log ---
manifest
ADDED from ProjectX\AndroidManifest.xml:2:1-31:12
	package
		ADDED from ProjectX\AndroidManifest.xml:3:5-32
	android:versionName
		ADDED from ProjectX\AndroidManifest.xml:2:35-60
		INJECTED from ProjectX\AndroidManifest.xml
		INJECTED from ProjectX\AndroidManifest.xml
	android:versionCode
		ADDED from ProjectX\AndroidManifest.xml:2:11-34
		INJECTED from ProjectX\AndroidManifest.xml
		INJECTED from ProjectX\AndroidManifest.xml
	xmlns:android
		ADDED from ProjectX\AndroidManifest.xml:3:33-91
uses-sdk
ADDED from ProjectX\AndroidManifest.xml:4:5-73
	android:targetSdkVersion
		ADDED from ProjectX\AndroidManifest.xml:4:42-71
	android:minSdkVersion
		ADDED from ProjectX\AndroidManifest.xml:4:15-41
application
ADDED from ProjectX\AndroidManifest.xml:5:5-30:19
	android:label
		ADDED from ProjectX\AndroidManifest.xml:7:9-41
	android:allowBackup
		ADDED from ProjectX\AndroidManifest.xml:5:18-44
	android:icon
		ADDED from ProjectX\AndroidManifest.xml:6:9-45
	android:theme
		ADDED from ProjectX\AndroidManifest.xml:7:42-73
activity#com.jinn.projectx.main.MainActivity
ADDED from ProjectX\AndroidManifest.xml:8:9-13:20
	android:label
		ADDED from ProjectX\AndroidManifest.xml:8:19-51
	android:name
		ADDED from ProjectX\AndroidManifest.xml:8:52-85
intent-filter#android.intent.action.MAIN+android.intent.category.LAUNCHER
ADDED from ProjectX\AndroidManifest.xml:9:13-12:29
action#android.intent.action.MAIN
ADDED from ProjectX\AndroidManifest.xml:10:17-68
	android:name
		ADDED from ProjectX\AndroidManifest.xml:10:25-66
category#android.intent.category.LAUNCHER
ADDED from ProjectX\AndroidManifest.xml:11:17-76
	android:name
		ADDED from ProjectX\AndroidManifest.xml:11:27-74
activity#com.jinn.projectx.Activity01.TextAlignDemoActivity
ADDED from ProjectX\AndroidManifest.xml:15:9-69
	android:name
		ADDED from ProjectX\AndroidManifest.xml:15:19-67
activity#com.jinn.projectx.Activity02.WaveDemoActivity
ADDED from ProjectX\AndroidManifest.xml:17:9-64
	android:name
		ADDED from ProjectX\AndroidManifest.xml:17:19-62
activity#com.jinn.projectx.Activity03.ViewGroupActivity
ADDED from ProjectX\AndroidManifest.xml:19:9-65
	android:name
		ADDED from ProjectX\AndroidManifest.xml:19:19-63
activity#com.jinn.projectx.fourth.AidlClientActivity
ADDED from ProjectX\AndroidManifest.xml:21:9-72
	android:name
		ADDED from ProjectX\AndroidManifest.xml:21:19-60
service#com.jinn.projectx.fourth.AidlService
ADDED from ProjectX\AndroidManifest.xml:23:9-29:19
	android:name
		ADDED from ProjectX\AndroidManifest.xml:23:18-52
intent-filter#android.intent.action.AIDLService
ADDED from ProjectX\AndroidManifest.xml:24:13-28:29
action#android.intent.action.AIDLService
ADDED from ProjectX\AndroidManifest.xml:25:17-27:26
	android:name
		ADDED from ProjectX\AndroidManifest.xml:25:25-73
category#android.intent.category.DEFAULT
ADDED from ProjectX\AndroidManifest.xml:26:21-89
	android:name
		ADDED from ProjectX\AndroidManifest.xml:26:31-77